
POST /api/users/login 2022-12-07_11:53:04
POST /api/users/login 2022-12-07_07:03:46
POST /api/users/avatar 2022-12-07_07:07:16
POST /api/users/avatars 2022-12-07_07:07:40
POST /api/users/avatars 2022-12-07_07:10:00
POST /api/users/login 2022-12-07_07:10:27
POST /api/contacts 2022-12-07_09:46:57
GET /api/contacts 2022-12-07_09:47:10
POST /api/contacts 2022-12-07_09:49:47
POST /api/contacts 2022-12-07_09:49:56
POST /api/contacts 2022-12-07_09:50:15
POST /api/contacts 2022-12-07_09:50:30
POST /api/contacts 2022-12-07_09:51:13
POST /api/contacts 2022-12-07_09:51:49
POST /api/contacts/6390eed55fc54b4aebdb90b4 2022-12-07_09:52:07
GET /api/contacts/6390eed55fc54b4aebdb90b4 2022-12-07_09:52:20
GET /api/contacts/ 2022-12-07_09:52:36
GET /api/contacts 2022-12-07_09:52:43
GET /api/contacts 2022-12-07_09:52:44
POST /api/contacts 2022-12-07_09:53:01
GET /api/contacts 2022-12-07_09:53:12
GET /api/contacts 2022-12-07_09:54:14
GET /api/contacts/6390eed55fc54b4aebdb90b4 2022-12-07_09:54:38
GET /api/contacts 2022-12-07_09:54:58
GET /api/contacts 2022-12-07_09:55:45
GET /api/contacts 2022-12-07_09:57:14
GET /api/contacts 2022-12-07_09:57:15
GET /api/contacts 2022-12-07_09:57:28
GET /api/contacts 2022-12-07_09:59:02
GET /api/contacts 2022-12-07_10:01:09
GET /api/contacts?favorite=true 2022-12-07_10:01:41
GET /api/contacts?favorite=true 2022-12-07_10:01:42
GET /api/contacts?favorite=false 2022-12-07_10:01:49
GET /api/contacts?favorite=false 2022-12-07_10:01:50
GET /api/contacts?favorite=false 2022-12-07_10:10:22
GET /api/contacts 2022-12-07_10:10:34
GET /api/contacts 2022-12-07_10:10:35
GET /api/contacts 2022-12-07_10:12:13
GET /api/contacts?FAVORITE=TRUE 2022-12-07_10:12:31
GET /api/contacts?favorite=false 2022-12-07_10:12:44
GET /api/contacts?favorite=true 2022-12-07_10:12:51
POST /api/contacts 2022-12-07_10:13:44
GET /api/contacts 2022-12-07_10:13:49
GET /api/contacts?favorite=true 2022-12-07_10:14:04
GET /api/contacts?favorite=false 2022-12-07_10:14:16
POST /api/users/ 2022-12-08_05:35:23
PATCH /api/users/ 2022-12-08_05:35:45
PATCH /api/users/ 2022-12-08_05:35:50
PATCH /api/users/ 2022-12-08_05:38:08
PATCH /api/users/ 2022-12-08_05:38:09
PATCH /api/users 2022-12-08_05:38:17
PATCH /api/users 2022-12-08_05:38:18
PATCH /api/users/ 2022-12-08_05:38:21
PATCH /api/users/ 2022-12-08_05:39:54
PATCH /api/users/ 2022-12-08_05:40:01
POST /api/users/login 2022-12-08_05:40:35
POST /api/users/login 2022-12-08_05:40:53
PATCH /api/users/ 2022-12-08_05:41:18
GET /api/users/avatars/red.png 2022-12-09_01:17:52
GET /api/users/avatars/red.png 2022-12-09_01:17:55
GET /api/users/avatars/red.png 2022-12-09_01:18:15
GET /avatars/red.png 2022-12-09_01:18:39
POST /api/users/login 2022-12-09_07:09:21
PATCH /api/users/avatars 2022-12-09_07:10:46
PATCH /api/users/avatars 2022-12-09_07:13:13
PATCH /api/users/avatars 2022-12-09_07:13:52
PATCH /api/users/avatars 2022-12-09_07:14:17
PATCH /api/users/avatars 2022-12-09_07:14:18
PATCH /api/users/avatars 2022-12-09_07:15:05
PATCH /api/users/avatars 2022-12-09_07:16:57
PATCH /api/users/avatars 2022-12-09_07:17:13
PATCH /api/users/avatars 2022-12-09_07:17:20
PATCH /api/users/avatars 2022-12-09_07:17:28
PATCH /api/users/avatars 2022-12-09_08:08:58
PATCH /api/users/avatars 2022-12-09_08:09:34
PATCH /api/users/avatars 2022-12-09_08:10:24
PATCH /api/users/avatars 2022-12-09_08:13:49
PATCH /api/users/avatars 2022-12-09_08:14:24
PATCH /api/users/avatars 2022-12-09_08:15:56
PATCH /api/users/avatars 2022-12-09_08:16:27
PATCH /api/users/avatars 2022-12-09_08:16:44
PATCH /api/users/avatars 2022-12-09_08:17:30
PATCH /api/users/avatars 2022-12-09_08:19:12
PATCH /api/users/avatars 2022-12-09_08:21:11
PATCH /api/users/avatars 2022-12-09_08:21:30
PATCH /api/users/avatars 2022-12-09_08:24:14
PATCH /api/users/avatars 2022-12-09_08:25:03
PATCH /api/users/avatars 2022-12-09_08:25:16
PATCH /api/users/avatars 2022-12-09_08:25:38
PATCH /api/users/avatars 2022-12-09_08:28:11
PATCH /api/users/avatars 2022-12-09_08:28:33
PATCH /api/users/avatars 2022-12-09_08:31:28
PATCH /api/users/avatars 2022-12-09_08:34:25
PATCH /api/users/avatars 2022-12-09_08:35:26
PATCH /api/users/avatars 2022-12-09_08:36:29
PATCH /api/users/avatars 2022-12-09_08:37:51
PATCH /api/users/avatars 2022-12-09_08:38:02
PATCH /api/users/avatars 2022-12-09_08:38:27
PATCH /api/users/avatars 2022-12-09_08:38:39
PATCH /api/users/avatars 2022-12-09_08:39:52
PATCH /api/users/avatars 2022-12-09_08:42:27
PATCH /api/users/avatars 2022-12-09_08:43:24
PATCH /api/users/avatars 2022-12-09_08:43:43
PATCH /api/users/avatars 2022-12-09_08:46:47
PATCH /api/users/avatars 2022-12-09_08:48:54
PATCH /api/users/avatars 2022-12-09_08:50:38
PATCH /api/users/avatars 2022-12-09_08:52:22
PATCH /api/users/avatars 2022-12-09_08:53:41
PATCH /api/users/avatars 2022-12-09_08:53:59
PATCH /api/users/avatars 2022-12-09_08:57:08
PATCH /api/users/avatars 2022-12-09_08:59:35
PATCH /api/users/avatars 2022-12-09_09:03:01
PATCH /api/users/avatars 2022-12-09_09:03:51
PATCH /api/users/avatars 2022-12-09_10:34:21
PATCH /api/users/avatars 2022-12-09_10:34:28
PATCH /api/users/avatars 2022-12-09_10:34:56
PATCH /api/users/avatars 2022-12-09_10:35:58
PATCH /api/users/avatars 2022-12-09_10:36:02
PATCH /api/users/avatars 2022-12-09_10:37:25
PATCH /api/users/avatars 2022-12-09_10:38:25
PATCH /api/users/avatars 2022-12-09_10:39:14
PATCH /api/users/avatars 2022-12-09_10:39:45
PATCH /api/users/avatars 2022-12-09_10:40:32
PATCH /api/users/avatars 2022-12-09_10:44:03
PATCH /api/users/avatars 2022-12-09_10:44:55
PATCH /api/users/avatars 2022-12-09_10:47:53
PATCH /api/users/avatars 2022-12-09_10:48:31
PATCH /api/users/avatars 2022-12-09_10:48:57
PATCH /api/users/avatars 2022-12-09_10:49:46
PATCH /api/users/avatars 2022-12-09_10:52:04
PATCH /api/users/avatars 2022-12-09_10:52:48